<?xml version="1.0" encoding="UTF-8"?>
<!-- Generated by org.testng.reporters.JUnitXMLReporter -->
<testsuite ignored="2" hostname="DESKTOP-1S9E44E" failures="0" tests="2" name="LoginTest" time="28.923" errors="0" timestamp="2023-07-08T17:43:12 BDT">
  <testcase classname="com.it.bd.tests.LoginTest" name="loginTest" time="15.728"/>
  <testcase classname="com.it.bd.tests.DashboardTest" name="DashboardTest" time="0.016"/>
  <testcase classname="com.it.bd.drivers.BaseDriver" name="@BeforeSuite start" time="0.0">
    <ignored/>
  </testcase> <!-- @BeforeSuite start -->
  <testcase classname="com.it.bd.drivers.BaseDriver" name="@AfterSuite close" time="0.0">
    <ignored/>
  </testcase> <!-- @AfterSuite close -->
</testsuite> <!-- LoginTest -->
